0 info it worked if it ends with ok
1 verbose cli [ '/usr/bin/node', '/usr/bin/npm', 'start' ]
2 info using npm@3.5.2
3 info using node@v8.10.0
4 verbose config Skipping project config: /home/node/.npmrc. (matches userconfig)
5 verbose run-script [ 'prestart', 'start', 'poststart' ]
6 info lifecycle crowdference-estilo@~prestart: crowdference-estilo@
7 silly lifecycle crowdference-estilo@~prestart: no script for prestart, continuing
8 info lifecycle crowdference-estilo@~start: crowdference-estilo@
9 verbose lifecycle crowdference-estilo@~start: unsafe-perm in lifecycle true
10 verbose lifecycle crowdference-estilo@~start: PATH: /usr/share/npm/bin/node-gyp-bin:/home/node/node_modules/.bin:/usr/local/sbin:/usr/local/bin:/usr/sbin:/usr/bin:/sbin:/bin
11 verbose lifecycle crowdference-estilo@~start: CWD: /home/node
12 silly lifecycle crowdference-estilo@~start: Args: [ '-c', 'meteor run' ]
13 silly lifecycle crowdference-estilo@~start: Returned: code: 1  signal: null
14 info lifecycle crowdference-estilo@~start: Failed to exec start script
15 verbose stack Error: crowdference-estilo@ start: `meteor run`
15 verbose stack Exit status 1
15 verbose stack     at EventEmitter.<anonymous> (/usr/share/npm/lib/utils/lifecycle.js:232:16)
15 verbose stack     at emitTwo (events.js:126:13)
15 verbose stack     at EventEmitter.emit (events.js:214:7)
15 verbose stack     at ChildProcess.<anonymous> (/usr/share/npm/lib/utils/spawn.js:24:14)
15 verbose stack     at emitTwo (events.js:126:13)
15 verbose stack     at ChildProcess.emit (events.js:214:7)
15 verbose stack     at maybeClose (internal/child_process.js:925:16)
15 verbose stack     at Process.ChildProcess._handle.onexit (internal/child_process.js:209:5)
16 verbose pkgid crowdference-estilo@
17 verbose cwd /home/node
18 error Linux 4.15.0-50-generic
19 error argv "/usr/bin/node" "/usr/bin/npm" "start"
20 error node v8.10.0
21 error npm  v3.5.2
22 error code ELIFECYCLE
23 error crowdference-estilo@ start: `meteor run`
23 error Exit status 1
24 error Failed at the crowdference-estilo@ start script 'meteor run'.
24 error Make sure you have the latest version of node.js and npm installed.
24 error If you do, this is most likely a problem with the crowdference-estilo package,
24 error not with npm itself.
24 error Tell the author that this fails on your system:
24 error     meteor run
24 error You can get information on how to open an issue for this project with:
24 error     npm bugs crowdference-estilo
24 error Or if that isn't available, you can get their info via:
24 error     npm owner ls crowdference-estilo
24 error There is likely additional logging output above.
25 verbose exit [ 1, true ]
